2016-12-08 18:49:36 [INFO ] [] XPayClient initialize [/home/nynLMS/lib/payment/lgdacom] [test]
2016-12-08 18:49:36 [DEBUG] [] Config [server_id] = [01]
2016-12-08 18:49:36 [DEBUG] [] Config [timeout] = [60]
2016-12-08 18:49:36 [DEBUG] [] Config [log_level] = [4]
2016-12-08 18:49:36 [DEBUG] [] Config [verify_cert] = [1]
2016-12-08 18:49:36 [DEBUG] [] Config [verify_host] = [1]
2016-12-08 18:49:36 [DEBUG] [] Config [report_error] = [1]
2016-12-08 18:49:36 [DEBUG] [] Config [output_UTF8] = [1]
2016-12-08 18:49:36 [DEBUG] [] Config [auto_rollback] = [1]
2016-12-08 18:49:36 [DEBUG] [] Config [log_dir] = [/home/nynLMS/lib/payment/lgdacom/log]
2016-12-08 18:49:36 [DEBUG] [] Config [tnayanet] = [aa7d95db6f74e6e55389156b2dcb7716]
2016-12-08 18:49:36 [DEBUG] [] Config [nayanet] = [aa7d95db6f74e6e55389156b2dcb7716]
2016-12-08 18:49:36 [DEBUG] [] Config [url] = [https://xpayclient.lgdacom.net/xpay/Gateway.do]
2016-12-08 18:49:36 [DEBUG] [] Config [test_url] = [https://xpayclient.lgdacom.net:7443/xpay/Gateway.do]
2016-12-08 18:49:36 [DEBUG] [] Config [aux_url] = [http://xpayclient.lgdacom.net:7080/xpay/Gateway.do]
2016-12-08 18:55:58 [INFO ] [] XPayClient initialize [/home/nynLMS/lib/payment/lgdacom] [test]
2016-12-08 18:55:58 [DEBUG] [] Config [server_id] = [01]
2016-12-08 18:55:58 [DEBUG] [] Config [timeout] = [60]
2016-12-08 18:55:58 [DEBUG] [] Config [log_level] = [4]
2016-12-08 18:55:58 [DEBUG] [] Config [verify_cert] = [1]
2016-12-08 18:55:58 [DEBUG] [] Config [verify_host] = [1]
2016-12-08 18:55:58 [DEBUG] [] Config [report_error] = [1]
2016-12-08 18:55:58 [DEBUG] [] Config [output_UTF8] = [1]
2016-12-08 18:55:58 [DEBUG] [] Config [auto_rollback] = [1]
2016-12-08 18:55:58 [DEBUG] [] Config [log_dir] = [/home/nynLMS/lib/payment/lgdacom/log]
2016-12-08 18:55:58 [DEBUG] [] Config [tnayanet] = [aa7d95db6f74e6e55389156b2dcb7716]
2016-12-08 18:55:58 [DEBUG] [] Config [nayanet] = [aa7d95db6f74e6e55389156b2dcb7716]
2016-12-08 18:55:58 [DEBUG] [] Config [url] = [https://xpayclient.lgdacom.net/xpay/Gateway.do]
2016-12-08 18:55:58 [DEBUG] [] Config [test_url] = [https://xpayclient.lgdacom.net:7443/xpay/Gateway.do]
2016-12-08 18:55:58 [DEBUG] [] Config [aux_url] = [http://xpayclient.lgdacom.net:7080/xpay/Gateway.do]
2016-12-08 18:55:59 [INFO ] [] XPayClient initialize [/home/nynLMS/lib/payment/lgdacom] [test]
2016-12-08 18:55:59 [DEBUG] [] Config [server_id] = [01]
2016-12-08 18:55:59 [DEBUG] [] Config [timeout] = [60]
2016-12-08 18:55:59 [DEBUG] [] Config [log_level] = [4]
2016-12-08 18:55:59 [DEBUG] [] Config [verify_cert] = [1]
2016-12-08 18:55:59 [DEBUG] [] Config [verify_host] = [1]
2016-12-08 18:55:59 [DEBUG] [] Config [report_error] = [1]
2016-12-08 18:55:59 [DEBUG] [] Config [output_UTF8] = [1]
2016-12-08 18:55:59 [DEBUG] [] Config [auto_rollback] = [1]
2016-12-08 18:55:59 [DEBUG] [] Config [log_dir] = [/home/nynLMS/lib/payment/lgdacom/log]
2016-12-08 18:55:59 [DEBUG] [] Config [tnayanet] = [aa7d95db6f74e6e55389156b2dcb7716]
2016-12-08 18:55:59 [DEBUG] [] Config [nayanet] = [aa7d95db6f74e6e55389156b2dcb7716]
2016-12-08 18:55:59 [DEBUG] [] Config [url] = [https://xpayclient.lgdacom.net/xpay/Gateway.do]
2016-12-08 18:55:59 [DEBUG] [] Config [test_url] = [https://xpayclient.lgdacom.net:7443/xpay/Gateway.do]
2016-12-08 18:55:59 [DEBUG] [] Config [aux_url] = [http://xpayclient.lgdacom.net:7080/xpay/Gateway.do]
2016-12-08 18:56:00 [INFO ] [] XPayClient initialize [/home/nynLMS/lib/payment/lgdacom] [test]
2016-12-08 18:56:00 [DEBUG] [] Config [server_id] = [01]
2016-12-08 18:56:00 [DEBUG] [] Config [timeout] = [60]
2016-12-08 18:56:00 [DEBUG] [] Config [log_level] = [4]
2016-12-08 18:56:00 [DEBUG] [] Config [verify_cert] = [1]
2016-12-08 18:56:00 [DEBUG] [] Config [verify_host] = [1]
2016-12-08 18:56:00 [DEBUG] [] Config [report_error] = [1]
2016-12-08 18:56:00 [DEBUG] [] Config [output_UTF8] = [1]
2016-12-08 18:56:00 [DEBUG] [] Config [auto_rollback] = [1]
2016-12-08 18:56:00 [DEBUG] [] Config [log_dir] = [/home/nynLMS/lib/payment/lgdacom/log]
2016-12-08 18:56:00 [DEBUG] [] Config [tnayanet] = [aa7d95db6f74e6e55389156b2dcb7716]
2016-12-08 18:56:00 [DEBUG] [] Config [nayanet] = [aa7d95db6f74e6e55389156b2dcb7716]
2016-12-08 18:56:00 [DEBUG] [] Config [url] = [https://xpayclient.lgdacom.net/xpay/Gateway.do]
2016-12-08 18:56:00 [DEBUG] [] Config [test_url] = [https://xpayclient.lgdacom.net:7443/xpay/Gateway.do]
2016-12-08 18:56:00 [DEBUG] [] Config [aux_url] = [http://xpayclient.lgdacom.net:7080/xpay/Gateway.do]
2016-12-08 18:56:09 [INFO ] [] XPayClient initialize [/home/nynLMS/lib/payment/lgdacom] [test]
2016-12-08 18:56:09 [DEBUG] [] Config [server_id] = [01]
2016-12-08 18:56:09 [DEBUG] [] Config [timeout] = [60]
2016-12-08 18:56:09 [DEBUG] [] Config [log_level] = [4]
2016-12-08 18:56:09 [DEBUG] [] Config [verify_cert] = [1]
2016-12-08 18:56:09 [DEBUG] [] Config [verify_host] = [1]
2016-12-08 18:56:09 [DEBUG] [] Config [report_error] = [1]
2016-12-08 18:56:09 [DEBUG] [] Config [output_UTF8] = [1]
2016-12-08 18:56:09 [DEBUG] [] Config [auto_rollback] = [1]
2016-12-08 18:56:09 [DEBUG] [] Config [log_dir] = [/home/nynLMS/lib/payment/lgdacom/log]
2016-12-08 18:56:09 [DEBUG] [] Config [tnayanet] = [aa7d95db6f74e6e55389156b2dcb7716]
2016-12-08 18:56:09 [DEBUG] [] Config [nayanet] = [aa7d95db6f74e6e55389156b2dcb7716]
2016-12-08 18:56:09 [DEBUG] [] Config [url] = [https://xpayclient.lgdacom.net/xpay/Gateway.do]
2016-12-08 18:56:09 [DEBUG] [] Config [test_url] = [https://xpayclient.lgdacom.net:7443/xpay/Gateway.do]
2016-12-08 18:56:09 [DEBUG] [] Config [aux_url] = [http://xpayclient.lgdacom.net:7080/xpay/Gateway.do]
2016-12-08 18:57:59 [INFO ] [] XPayClient initialize [/home/nynLMS/lib/payment/lgdacom] [test]
2016-12-08 18:57:59 [DEBUG] [] Config [server_id] = [01]
2016-12-08 18:57:59 [DEBUG] [] Config [timeout] = [60]
2016-12-08 18:57:59 [DEBUG] [] Config [log_level] = [4]
2016-12-08 18:57:59 [DEBUG] [] Config [verify_cert] = [1]
2016-12-08 18:57:59 [DEBUG] [] Config [verify_host] = [1]
2016-12-08 18:57:59 [DEBUG] [] Config [report_error] = [1]
2016-12-08 18:57:59 [DEBUG] [] Config [output_UTF8] = [1]
2016-12-08 18:57:59 [DEBUG] [] Config [auto_rollback] = [1]
2016-12-08 18:57:59 [DEBUG] [] Config [log_dir] = [/home/nynLMS/lib/payment/lgdacom/log]
2016-12-08 18:57:59 [DEBUG] [] Config [tnayanet] = [aa7d95db6f74e6e55389156b2dcb7716]
2016-12-08 18:57:59 [DEBUG] [] Config [nayanet] = [aa7d95db6f74e6e55389156b2dcb7716]
2016-12-08 18:57:59 [DEBUG] [] Config [url] = [https://xpayclient.lgdacom.net/xpay/Gateway.do]
2016-12-08 18:57:59 [DEBUG] [] Config [test_url] = [https://xpayclient.lgdacom.net:7443/xpay/Gateway.do]
2016-12-08 18:57:59 [DEBUG] [] Config [aux_url] = [http://xpayclient.lgdacom.net:7080/xpay/Gateway.do]
2016-12-08 18:58:11 [INFO ] [] XPayClient initialize [/home/nynLMS/lib/payment/lgdacom] [test]
2016-12-08 18:58:11 [DEBUG] [] Config [server_id] = [01]
2016-12-08 18:58:11 [DEBUG] [] Config [timeout] = [60]
2016-12-08 18:58:11 [DEBUG] [] Config [log_level] = [4]
2016-12-08 18:58:11 [DEBUG] [] Config [verify_cert] = [1]
2016-12-08 18:58:11 [DEBUG] [] Config [verify_host] = [1]
2016-12-08 18:58:11 [DEBUG] [] Config [report_error] = [1]
2016-12-08 18:58:11 [DEBUG] [] Config [output_UTF8] = [1]
2016-12-08 18:58:11 [DEBUG] [] Config [auto_rollback] = [1]
2016-12-08 18:58:11 [DEBUG] [] Config [log_dir] = [/home/nynLMS/lib/payment/lgdacom/log]
2016-12-08 18:58:11 [DEBUG] [] Config [tnayanet] = [aa7d95db6f74e6e55389156b2dcb7716]
2016-12-08 18:58:11 [DEBUG] [] Config [nayanet] = [aa7d95db6f74e6e55389156b2dcb7716]
2016-12-08 18:58:11 [DEBUG] [] Config [url] = [https://xpayclient.lgdacom.net/xpay/Gateway.do]
2016-12-08 18:58:11 [DEBUG] [] Config [test_url] = [https://xpayclient.lgdacom.net:7443/xpay/Gateway.do]
2016-12-08 18:58:11 [DEBUG] [] Config [aux_url] = [http://xpayclient.lgdacom.net:7080/xpay/Gateway.do]
